------Start of DE processing------ = [3/10/16 14:45:59:935 IST]
Exception = java.lang.IllegalArgumentException
Source = com.ibm.ws.kernel.feature.internal.FeatureManager
probeid = reportErrors
Stack Dump = java.lang.IllegalArgumentException: Unable to load conflicting versions of features "com.ibm.websphere.appserver.jdbc-4.0" and "com.ibm.websphere.appserver.jdbc-4.1".  The feature dependency chains that led to the conflict are: com.ibm.websphere.appserver.jdbc-4.0 and com.ibm.websphere.appserver.jdbc-4.1
	at com.ibm.ws.kernel.feature.internal.FeatureManager.reportErrors(FeatureManager.java:1506)
	at com.ibm.ws.kernel.feature.internal.FeatureManager.updateFeatures(FeatureManager.java:1100)
	at com.ibm.ws.kernel.feature.internal.FeatureManager.update(FeatureManager.java:658)
	at com.ibm.ws.kernel.feature.internal.FeatureManager.processFeatureChanges(FeatureManager.java:761)
	at com.ibm.ws.kernel.feature.internal.FeatureManager$1.run(FeatureManager.java:556)
	at java.util.concurrent.ThreadPoolExecutor.runWorker(ThreadPoolExecutor.java:1142)
	at java.util.concurrent.ThreadPoolExecutor$Worker.run(ThreadPoolExecutor.java:617)
	at java.lang.Thread.run(Thread.java:745)

Dump of callerThis
null
Dump of objectArray[0]
Object type = java.lang.String
  String value = "com.ibm.websphere.appserver.jdbc"

Dump of objectArray[1]
Object type = java.lang.String
  String value = "[ROOT->[com.ibm.websphere.appserver.jdbc-4.0] 4.0.0, ROOT->[com.ibm.websphere.appserver.jdbc-4.1] 4.1.0]"

