------Start of DE processing------ = [3/10/16 12:23:05:466 IST]
Exception = javax.naming.CommunicationException
Source = com.ibm.ws.security.wim.adapter.ldap.LdapConnection
probeid = 546
Stack Dump = javax.naming.CommunicationException: bluepages.ibm.com:636 [Root exception is javax.net.ssl.SSLHandshakeException: java.security.cert.CertificateException: PKIX path building failed: sun.security.provider.certpath.SunCertPathBuilderException: unable to find valid certification path to requested target]
	at com.sun.jndi.ldap.Connection.<init>(Connection.java:226)
	at com.sun.jndi.ldap.LdapClient.<init>(LdapClient.java:137)
	at com.sun.jndi.ldap.LdapClient.getInstance(LdapClient.java:1614)
	at com.sun.jndi.ldap.LdapCtx.connect(LdapCtx.java:2746)
	at com.sun.jndi.ldap.LdapCtx.<init>(LdapCtx.java:319)
	at com.sun.jndi.ldap.LdapCtxFactory.getUsingURL(LdapCtxFactory.java:192)
	at com.sun.jndi.ldap.LdapCtxFactory.getUsingURLs(LdapCtxFactory.java:210)
	at com.sun.jndi.ldap.LdapCtxFactory.getLdapCtxInstance(LdapCtxFactory.java:153)
	at com.sun.jndi.ldap.LdapCtxFactory.getInitialContext(LdapCtxFactory.java:83)
	at javax.naming.spi.NamingManager.getInitialContext(NamingManager.java:684)
	at javax.naming.InitialContext.getDefaultInitCtx(InitialContext.java:313)
	at javax.naming.InitialContext.init(InitialContext.java:244)
	at javax.naming.ldap.InitialLdapContext.<init>(InitialLdapContext.java:154)
	at com.ibm.ws.security.wim.adapter.ldap.TimedDirContext.<init>(TimedDirContext.java:57)
	at com.ibm.ws.security.wim.adapter.ldap.LdapConnection.createDirContext(LdapConnection.java:2562)
	at com.ibm.ws.security.wim.adapter.ldap.LdapConnection.createContextPool(LdapConnection.java:2685)
	at com.ibm.ws.security.wim.adapter.ldap.LdapConnection.initialize(LdapConnection.java:545)
	at com.ibm.ws.security.wim.adapter.ldap.LdapAdapter.initialize(LdapAdapter.java:275)
	at com.ibm.ws.security.wim.adapter.ldap.LdapAdapter.activated(LdapAdapter.java:241)
	at sun.reflect.NativeMethodAccessorImpl.invoke0(Native Method)
	at sun.reflect.NativeMethodAccessorImpl.invoke(NativeMethodAccessorImpl.java:62)
	at sun.reflect.DelegatingMethodAccessorImpl.invoke(DelegatingMethodAccessorImpl.java:43)
	at java.lang.reflect.Method.invoke(Method.java:498)
	at org.apache.felix.scr.impl.inject.BaseMethod.invokeMethod(BaseMethod.java:224)
	at org.apache.felix.scr.impl.inject.BaseMethod.access$500(BaseMethod.java:39)
	at org.apache.felix.scr.impl.inject.BaseMethod$Resolved.invoke(BaseMethod.java:617)
	at org.apache.felix.scr.impl.inject.BaseMethod.invoke(BaseMethod.java:501)
	at org.apache.felix.scr.impl.inject.ActivateMethod.invoke(ActivateMethod.java:302)
	at org.apache.felix.scr.impl.inject.ActivateMethod.invoke(ActivateMethod.java:294)
	at org.apache.felix.scr.impl.manager.SingleComponentManager.createImplementationObject(SingleComponentManager.java:297)
	at org.apache.felix.scr.impl.manager.SingleComponentManager.createComponent(SingleComponentManager.java:108)
	at org.apache.felix.scr.impl.manager.SingleComponentManager.getService(SingleComponentManager.java:906)
	at org.apache.felix.scr.impl.manager.SingleComponentManager.getServiceInternal(SingleComponentManager.java:879)
	at org.apache.felix.scr.impl.manager.SingleComponentManager.getService(SingleComponentManager.java:823)
	at org.eclipse.osgi.internal.serviceregistry.ServiceFactoryUse$1.run(ServiceFactoryUse.java:212)
	at java.security.AccessController.doPrivileged(Native Method)
	at org.eclipse.osgi.internal.serviceregistry.ServiceFactoryUse.factoryGetService(ServiceFactoryUse.java:210)
	at org.eclipse.osgi.internal.serviceregistry.ServiceFactoryUse.getService(ServiceFactoryUse.java:111)
	at org.eclipse.osgi.internal.serviceregistry.ServiceConsumer$2.getService(ServiceConsumer.java:45)
	at org.eclipse.osgi.internal.serviceregistry.ServiceRegistrationImpl.getService(ServiceRegistrationImpl.java:496)
	at org.eclipse.osgi.internal.serviceregistry.ServiceRegistry.getService(ServiceRegistry.java:461)
	at org.eclipse.osgi.internal.framework.BundleContextImpl.getService(BundleContextImpl.java:619)
	at org.apache.felix.scr.impl.manager.SingleRefPair.getServiceObject(SingleRefPair.java:72)
	at org.apache.felix.scr.impl.inject.BindMethod.getServiceObject(BindMethod.java:648)
	at org.apache.felix.scr.impl.manager.DependencyManager.getServiceObject(DependencyManager.java:2201)
	at org.apache.felix.scr.impl.manager.DependencyManager$MultipleDynamicCustomizer.prebind(DependencyManager.java:403)
	at org.apache.felix.scr.impl.manager.DependencyManager.prebind(DependencyManager.java:1520)
	at org.apache.felix.scr.impl.manager.AbstractComponentManager.collectDependencies(AbstractComponentManager.java:1005)
	at org.apache.felix.scr.impl.manager.SingleComponentManager.getServiceInternal(SingleComponentManager.java:859)
	at org.apache.felix.scr.impl.manager.SingleComponentManager.getService(SingleComponentManager.java:823)
	at org.eclipse.osgi.internal.serviceregistry.ServiceFactoryUse$1.run(ServiceFactoryUse.java:212)
	at java.security.AccessController.doPrivileged(Native Method)
	at org.eclipse.osgi.internal.serviceregistry.ServiceFactoryUse.factoryGetService(ServiceFactoryUse.java:210)
	at org.eclipse.osgi.internal.serviceregistry.ServiceFactoryUse.getService(ServiceFactoryUse.java:111)
	at org.eclipse.osgi.internal.serviceregistry.ServiceConsumer$2.getService(ServiceConsumer.java:45)
	at org.eclipse.osgi.internal.serviceregistry.ServiceRegistrationImpl.getService(ServiceRegistrationImpl.java:496)
	at org.eclipse.osgi.internal.serviceregistry.ServiceRegistry.getService(ServiceRegistry.java:461)
	at org.eclipse.osgi.internal.framework.BundleContextImpl.getService(BundleContextImpl.java:619)
	at org.apache.felix.scr.impl.manager.SingleRefPair.getServiceObject(SingleRefPair.java:72)
	at org.apache.felix.scr.impl.inject.FieldHandler$ReferenceMethodImpl.getServiceObject(FieldHandler.java:985)
	at org.apache.felix.scr.impl.manager.DependencyManager.getServiceObject(DependencyManager.java:2201)
	at org.apache.felix.scr.impl.manager.DependencyManager$SingleStaticCustomizer.prebind(DependencyManager.java:1118)
	at org.apache.felix.scr.impl.manager.DependencyManager.prebind(DependencyManager.java:1520)
	at org.apache.felix.scr.impl.manager.AbstractComponentManager.collectDependencies(AbstractComponentManager.java:1005)
	at org.apache.felix.scr.impl.manager.SingleComponentManager.getServiceInternal(SingleComponentManager.java:859)
	at org.apache.felix.scr.impl.manager.SingleComponentManager.getService(SingleComponentManager.java:823)
	at org.eclipse.osgi.internal.serviceregistry.ServiceFactoryUse$1.run(ServiceFactoryUse.java:212)
	at java.security.AccessController.doPrivileged(Native Method)
	at org.eclipse.osgi.internal.serviceregistry.ServiceFactoryUse.factoryGetService(ServiceFactoryUse.java:210)
	at org.eclipse.osgi.internal.serviceregistry.ServiceFactoryUse.getService(ServiceFactoryUse.java:111)
	at org.eclipse.osgi.internal.serviceregistry.ServiceConsumer$2.getService(ServiceConsumer.java:45)
	at org.eclipse.osgi.internal.serviceregistry.ServiceRegistrationImpl.getService(ServiceRegistrationImpl.java:496)
	at org.eclipse.osgi.internal.serviceregistry.ServiceRegistry.getService(ServiceRegistry.java:461)
	at org.eclipse.osgi.internal.framework.BundleContextImpl.getService(BundleContextImpl.java:619)
	at org.apache.felix.scr.impl.manager.SingleRefPair.getServiceObject(SingleRefPair.java:72)
	at org.apache.felix.scr.impl.inject.BindMethod.getServiceObject(BindMethod.java:648)
	at org.apache.felix.scr.impl.manager.DependencyManager.getServiceObject(DependencyManager.java:2201)
	at org.apache.felix.scr.impl.manager.DependencyManager.doInvokeBindMethod(DependencyManager.java:1714)
	at org.apache.felix.scr.impl.manager.DependencyManager.invokeBindMethod(DependencyManager.java:1699)
	at org.apache.felix.scr.impl.manager.SingleComponentManager.invokeBindMethod(SingleComponentManager.java:371)
	at org.apache.felix.scr.impl.manager.DependencyManager$SingleDynamicCustomizer.addedService(DependencyManager.java:777)
	at org.apache.felix.scr.impl.manager.DependencyManager$SingleDynamicCustomizer.addedService(DependencyManager.java:743)
	at org.apache.felix.scr.impl.manager.ServiceTracker$Tracked.customizerAdded(ServiceTracker.java:1215)
	at org.apache.felix.scr.impl.manager.ServiceTracker$Tracked.customizerAdded(ServiceTracker.java:1136)
	at org.apache.felix.scr.impl.manager.ServiceTracker$AbstractTracked.trackAdding(ServiceTracker.java:945)
	at org.apache.felix.scr.impl.manager.ServiceTracker$AbstractTracked.track(ServiceTracker.java:881)
	at org.apache.felix.scr.impl.manager.ServiceTracker$Tracked.serviceChanged(ServiceTracker.java:1167)
	at org.apache.felix.scr.impl.BundleComponentActivator$ListenerInfo.serviceChanged(BundleComponentActivator.java:127)
	at org.eclipse.osgi.internal.serviceregistry.FilteredServiceListener.serviceChanged(FilteredServiceListener.java:109)
	at org.eclipse.osgi.internal.framework.BundleContextImpl.dispatchEvent(BundleContextImpl.java:915)
	at org.eclipse.osgi.framework.eventmgr.EventManager.dispatchEvent(EventManager.java:230)
	at org.eclipse.osgi.framework.eventmgr.ListenerQueue.dispatchEventSynchronous(ListenerQueue.java:148)
	at org.eclipse.osgi.internal.serviceregistry.ServiceRegistry.publishServiceEventPrivileged(ServiceRegistry.java:862)
	at org.eclipse.osgi.internal.serviceregistry.ServiceRegistry.publishServiceEvent(ServiceRegistry.java:801)
	at org.eclipse.osgi.internal.serviceregistry.ServiceRegistrationImpl.register(ServiceRegistrationImpl.java:127)
	at org.eclipse.osgi.internal.serviceregistry.ServiceRegistry.registerService(ServiceRegistry.java:225)
	at org.eclipse.osgi.internal.framework.BundleContextImpl.registerService(BundleContextImpl.java:464)
	at org.apache.felix.scr.impl.manager.AbstractComponentManager$3.register(AbstractComponentManager.java:886)
	at org.apache.felix.scr.impl.manager.AbstractComponentManager$3.register(AbstractComponentManager.java:873)
	at org.apache.felix.scr.impl.manager.RegistrationManager.changeRegistration(RegistrationManager.java:132)
	at org.apache.felix.scr.impl.manager.AbstractComponentManager.registerService(AbstractComponentManager.java:940)
	at org.apache.felix.scr.impl.manager.AbstractComponentManager.activateInternal(AbstractComponentManager.java:740)
	at org.apache.felix.scr.impl.manager.DependencyManager$SingleStaticCustomizer.addedService(DependencyManager.java:1012)
	at org.apache.felix.scr.impl.manager.DependencyManager$SingleStaticCustomizer.addedService(DependencyManager.java:968)
	at org.apache.felix.scr.impl.manager.ServiceTracker$Tracked.customizerAdded(ServiceTracker.java:1215)
	at org.apache.felix.scr.impl.manager.ServiceTracker$Tracked.customizerAdded(ServiceTracker.java:1136)
	at org.apache.felix.scr.impl.manager.ServiceTracker$AbstractTracked.trackAdding(ServiceTracker.java:945)
	at org.apache.felix.scr.impl.manager.ServiceTracker$AbstractTracked.track(ServiceTracker.java:881)
	at org.apache.felix.scr.impl.manager.ServiceTracker$Tracked.serviceChanged(ServiceTracker.java:1167)
	at org.apache.felix.scr.impl.BundleComponentActivator$ListenerInfo.serviceChanged(BundleComponentActivator.java:127)
	at org.eclipse.osgi.internal.serviceregistry.FilteredServiceListener.serviceChanged(FilteredServiceListener.java:109)
	at org.eclipse.osgi.internal.framework.BundleContextImpl.dispatchEvent(BundleContextImpl.java:915)
	at org.eclipse.osgi.framework.eventmgr.EventManager.dispatchEvent(EventManager.java:230)
	at org.eclipse.osgi.framework.eventmgr.ListenerQueue.dispatchEventSynchronous(ListenerQueue.java:148)
	at org.eclipse.osgi.internal.serviceregistry.ServiceRegistry.publishServiceEventPrivileged(ServiceRegistry.java:862)
	at org.eclipse.osgi.internal.serviceregistry.ServiceRegistry.publishServiceEvent(ServiceRegistry.java:801)
	at org.eclipse.osgi.internal.serviceregistry.ServiceRegistrationImpl.register(ServiceRegistrationImpl.java:127)
	at org.eclipse.osgi.internal.serviceregistry.ServiceRegistry.registerService(ServiceRegistry.java:225)
	at org.eclipse.osgi.internal.framework.BundleContextImpl.registerService(BundleContextImpl.java:464)
	at org.apache.felix.scr.impl.manager.AbstractComponentManager$3.register(AbstractComponentManager.java:886)
	at org.apache.felix.scr.impl.manager.AbstractComponentManager$3.register(AbstractComponentManager.java:873)
	at org.apache.felix.scr.impl.manager.RegistrationManager.changeRegistration(RegistrationManager.java:132)
	at org.apache.felix.scr.impl.manager.AbstractComponentManager.registerService(AbstractComponentManager.java:940)
	at org.apache.felix.scr.impl.manager.AbstractComponentManager.activateInternal(AbstractComponentManager.java:740)
	at org.apache.felix.scr.impl.manager.DependencyManager$MultipleDynamicCustomizer.addedService(DependencyManager.java:333)
	at org.apache.felix.scr.impl.manager.DependencyManager$MultipleDynamicCustomizer.addedService(DependencyManager.java:291)
	at org.apache.felix.scr.impl.manager.ServiceTracker$Tracked.customizerAdded(ServiceTracker.java:1215)
	at org.apache.felix.scr.impl.manager.ServiceTracker$Tracked.customizerAdded(ServiceTracker.java:1136)
	at org.apache.felix.scr.impl.manager.ServiceTracker$AbstractTracked.trackAdding(ServiceTracker.java:945)
	at org.apache.felix.scr.impl.manager.ServiceTracker$AbstractTracked.track(ServiceTracker.java:881)
	at org.apache.felix.scr.impl.manager.ServiceTracker$Tracked.serviceChanged(ServiceTracker.java:1167)
	at org.apache.felix.scr.impl.BundleComponentActivator$ListenerInfo.serviceChanged(BundleComponentActivator.java:127)
	at org.eclipse.osgi.internal.serviceregistry.FilteredServiceListener.serviceChanged(FilteredServiceListener.java:109)
	at org.eclipse.osgi.internal.framework.BundleContextImpl.dispatchEvent(BundleContextImpl.java:915)
	at org.eclipse.osgi.framework.eventmgr.EventManager.dispatchEvent(EventManager.java:230)
	at org.eclipse.osgi.framework.eventmgr.ListenerQueue.dispatchEventSynchronous(ListenerQueue.java:148)
	at org.eclipse.osgi.internal.serviceregistry.ServiceRegistry.publishServiceEventPrivileged(ServiceRegistry.java:862)
	at org.eclipse.osgi.internal.serviceregistry.ServiceRegistry.publishServiceEvent(ServiceRegistry.java:801)
	at org.eclipse.osgi.internal.serviceregistry.ServiceRegistrationImpl.register(ServiceRegistrationImpl.java:127)
	at org.eclipse.osgi.internal.serviceregistry.ServiceRegistry.registerService(ServiceRegistry.java:225)
	at org.eclipse.osgi.internal.framework.BundleContextImpl.registerService(BundleContextImpl.java:464)
	at org.apache.felix.scr.impl.manager.AbstractComponentManager$3.register(AbstractComponentManager.java:886)
	at org.apache.felix.scr.impl.manager.AbstractComponentManager$3.register(AbstractComponentManager.java:873)
	at org.apache.felix.scr.impl.manager.RegistrationManager.changeRegistration(RegistrationManager.java:132)
	at org.apache.felix.scr.impl.manager.AbstractComponentManager.registerService(AbstractComponentManager.java:940)
	at org.apache.felix.scr.impl.manager.AbstractComponentManager.activateInternal(AbstractComponentManager.java:740)
	at org.apache.felix.scr.impl.manager.AbstractComponentManager.enableInternal(AbstractComponentManager.java:674)
	at org.apache.felix.scr.impl.manager.AbstractComponentManager.enable(AbstractComponentManager.java:429)
	at org.apache.felix.scr.impl.manager.ConfigurableComponentHolder.enableComponents(ConfigurableComponentHolder.java:657)
	at org.apache.felix.scr.impl.BundleComponentActivator.initialEnable(BundleComponentActivator.java:341)
	at org.apache.felix.scr.impl.Activator.loadComponents(Activator.java:403)
	at org.apache.felix.scr.impl.Activator.access$200(Activator.java:54)
	at org.apache.felix.scr.impl.Activator$ScrExtension.start(Activator.java:278)
	at org.apache.felix.utils.extender.AbstractExtender.createExtension(AbstractExtender.java:259)
	at org.apache.felix.utils.extender.AbstractExtender.modifiedBundle(AbstractExtender.java:232)
	at org.osgi.util.tracker.BundleTracker$Tracked.customizerModified(BundleTracker.java:482)
	at org.osgi.util.tracker.BundleTracker$Tracked.customizerModified(BundleTracker.java:1)
	at org.osgi.util.tracker.AbstractTracked.track(AbstractTracked.java:232)
	at org.osgi.util.tracker.BundleTracker$Tracked.bundleChanged(BundleTracker.java:444)
	at org.eclipse.osgi.internal.framework.BundleContextImpl.dispatchEvent(BundleContextImpl.java:903)
	at org.eclipse.osgi.framework.eventmgr.EventManager.dispatchEvent(EventManager.java:230)
	at org.eclipse.osgi.framework.eventmgr.ListenerQueue.dispatchEventSynchronous(ListenerQueue.java:148)
	at org.eclipse.osgi.internal.framework.EquinoxEventPublisher.publishBundleEventPrivileged(EquinoxEventPublisher.java:213)
	at org.eclipse.osgi.internal.framework.EquinoxEventPublisher.publishBundleEvent(EquinoxEventPublisher.java:120)
	at org.eclipse.osgi.internal.framework.EquinoxEventPublisher.publishBundleEvent(EquinoxEventPublisher.java:112)
	at org.eclipse.osgi.internal.framework.EquinoxContainerAdaptor.publishModuleEvent(EquinoxContainerAdaptor.java:156)
	at org.eclipse.osgi.container.Module.publishEvent(Module.java:476)
	at org.eclipse.osgi.container.Module.start(Module.java:467)
	at org.eclipse.osgi.container.ModuleContainer$ContainerStartLevel.incStartLevel(ModuleContainer.java:1620)
	at org.eclipse.osgi.container.ModuleContainer$ContainerStartLevel.incStartLevel(ModuleContainer.java:1600)
	at org.eclipse.osgi.container.ModuleContainer$ContainerStartLevel.doContainerStartLevel(ModuleContainer.java:1571)
	at org.eclipse.osgi.container.ModuleContainer$ContainerStartLevel.dispatchEvent(ModuleContainer.java:1514)
	at org.eclipse.osgi.container.ModuleContainer$ContainerStartLevel.dispatchEvent(ModuleContainer.java:1)
	at org.eclipse.osgi.framework.eventmgr.EventManager.dispatchEvent(EventManager.java:230)
	at org.eclipse.osgi.framework.eventmgr.EventManager$EventThread.run(EventManager.java:340)
Caused by: javax.net.ssl.SSLHandshakeException: java.security.cert.CertificateException: PKIX path building failed: sun.security.provider.certpath.SunCertPathBuilderException: unable to find valid certification path to requested target
	at sun.security.ssl.Alerts.getSSLException(Alerts.java:192)
	at sun.security.ssl.SSLSocketImpl.fatal(SSLSocketImpl.java:1949)
	at sun.security.ssl.Handshaker.fatalSE(Handshaker.java:302)
	at sun.security.ssl.Handshaker.fatalSE(Handshaker.java:296)
	at sun.security.ssl.ClientHandshaker.serverCertificate(ClientHandshaker.java:1509)
	at sun.security.ssl.ClientHandshaker.processMessage(ClientHandshaker.java:216)
	at sun.security.ssl.Handshaker.processLoop(Handshaker.java:979)
	at sun.security.ssl.Handshaker.process_record(Handshaker.java:914)
	at sun.security.ssl.SSLSocketImpl.readRecord(SSLSocketImpl.java:1062)
	at sun.security.ssl.SSLSocketImpl.performInitialHandshake(SSLSocketImpl.java:1375)
	at sun.security.ssl.SSLSocketImpl.startHandshake(SSLSocketImpl.java:1403)
	at sun.security.ssl.SSLSocketImpl.startHandshake(SSLSocketImpl.java:1387)
	at com.sun.jndi.ldap.Connection.createSocket(Connection.java:376)
	at com.sun.jndi.ldap.Connection.<init>(Connection.java:203)
	... 174 more
Caused by: java.security.cert.CertificateException: PKIX path building failed: sun.security.provider.certpath.SunCertPathBuilderException: unable to find valid certification path to requested target
	at com.ibm.ws.ssl.core.WSX509TrustManager.checkServerTrusted(WSX509TrustManager.java:322)
	at sun.security.ssl.AbstractTrustManagerWrapper.checkServerTrusted(SSLContextImpl.java:922)
	at sun.security.ssl.ClientHandshaker.serverCertificate(ClientHandshaker.java:1491)
	... 183 more

Dump of callerThis
Object type = com.ibm.ws.security.wim.adapter.ldap.LdapConnection
  SERVER2 = "server"
  FAILOVER_SERVERS = "failoverServers"
  tc = class com.ibm.websphere.ras.TraceComponent@6a67e8c3
    strings[0] = "TraceComponent[com.ibm.ws.security.wim.adapter.ldap.LdapConnection,class com.ibm.ws.security.wim.adapter.ldap.LdapConnection,[ldapUtil],com.ibm.ws.security.wim.adapter.ldap.resources.LdapUtilMessages,null]"
  reposId = "com.ibm.ws.security.registry.ldap.config[bluepages]"
  KEY_ID = "config.id"
  JNDI_CALL = "JNDI_CALL "
  lock = class com.ibm.ws.security.wim.adapter.ldap.LdapConnection$1@1831d61c
    this$0 = class com.ibm.ws.security.wim.adapter.ldap.LdapConnection@52ff82c
    serialVersionUID = 3219853865938305873
    $$$tc$$$ = class com.ibm.websphere.ras.TraceComponent@1cb0b3b1
      strings[0] = "TraceComponent[com.ibm.ws.security.wim.adapter.ldap.LdapConnection$1,class com.ibm.ws.security.wim.adapter.ldap.LdapConnection$1,[ldapUtil],com.ibm.ws.security.wim.adapter.ldap.resources.LdapUtilMessages,null]"
  iSearchResultsCacheEnabled = true
  iSearchResultsCacheName = "com.ibm.ws.security.registry.ldap.config[bluepages]/SearchResultsCache"
  iSearchResultsCache = null
  iSearchResultsCacheSize = 2000
  iSearchResultsCacheTimeOut = 600
  iSearchResultSizeLmit = 2000
  iAttrsCacheEnabled = true
  iAttrsCacheName = "com.ibm.ws.security.registry.ldap.config[bluepages]/AttributesCache"
  iAttrsCache = null
  iAttrsCacheSize = 4000
  iAttrsCacheTimeOut = 1200
  iAttrsSizeLmit = 2000
  iServerTTLAttr = null
  iCountLimit = 1000
  iTimeLimit = 60000
  DEFAULT_TIMEOUT = 600000
  iLdapConfigMgr = class com.ibm.ws.security.wim.adapter.ldap.LdapConfigManager@2ac2569b
    COPYRIGHT_NOTICE = "(c) Copyright International Business Machines Corporation 2014"
    GROUP_PROPERTIES = "groupProperties"
    LDAP_ENTITY_TYPE = "ldapEntityType"
    tc = class com.ibm.websphere.ras.TraceComponent@3975ec4a
      strings[0] = "TraceComponent[com.ibm.ws.security.wim.adapter.ldap.LdapConfigManager,class com.ibm.ws.security.wim.adapter.ldap.LdapConfigManager,[ldapUtil],com.ibm.ws.security.wim.adapter.ldap.resources.LdapUtilMessages,null]"
    BASE_ENTRY_NAME = "name"
    BASE_ENTRY = "registryBaseEntry"
    BASE_DN = "baseDN"
    CONDITION_FORMATS = class java.text.MessageFormat[6]
      CONDITION_FORMATS[0] = class java.text.MessageFormat@d52ca53
      CONDITION_FORMATS[1] = class java.text.MessageFormat@3888f533
      CONDITION_FORMATS[2] = class java.text.MessageFormat@16854439
      CONDITION_FORMATS[3] = class java.text.MessageFormat@7a9cb529
      CONDITION_FORMATS[4] = class java.text.MessageFormat@6107f87b
      CONDITION_FORMATS[5] = class java.text.MessageFormat@1ed9b805
    iMembershipAttrName = null
    iUseDefaultMbrAttr = true
    iLdapType = "IBM TIVOLI DIRECTORY SERVER"
    iMembershipAttrScope = 0
    iDynaMbrAttrs = null
    iLdapEntityTypeList = class java.util.ArrayList@1f63c0e6
      serialVersionUID = 8683452581122892189
      DEFAULT_CAPACITY = 10
      EMPTY_ELEMENTDATA = class java.lang.Object[0]
      DEFAULTCAPACITY_EMPTY_ELEMENTDATA = class java.lang.Object[0]
      elementData = class java.lang.Object[3]
      size = 3
      MAX_ARRAY_SIZE = 2147483639
      modCount = 3
      MAX_ARRAY_SIZE = 2147483639
    iPropToAttrMap = class java.util.Hashtable@3a3e614c
      table = class java.util.Hashtable$Entry[11]
      count = 1
      threshold = 8
      loadFactor = 0.75
      modCount = 1
      serialVersionUID = 1421746759512286392
      MAX_ARRAY_SIZE = 2147483639
      keySet = null
      entrySet = null
      values = null
      KEYS = 0
      VALUES = 1
      ENTRIES = 2
    iAttrToPropMap = class java.util.Hashtable@15bae56e
      table = class java.util.Hashtable$Entry[11]
      count = 1
      threshold = 8
      loadFactor = 0.75
      modCount = 1
      serialVersionUID = 1421746759512286392
      MAX_ARRAY_SIZE = 2147483639
      keySet = null
      entrySet = null
      values = null
      KEYS = 0
      VALUES = 1
      ENTRIES = 2
    iAttrNameToAttrMap = class java.util.Hashtable@2bebbefa
      table = class java.util.Hashtable$Entry[11]
      count = 2
      threshold = 8
      loadFactor = 0.75
      modCount = 2
      serialVersionUID = 1421746759512286392
      MAX_ARRAY_SIZE = 2147483639
      keySet = class java.util.Collections$SynchronizedSet@710bf51e
      entrySet = null
      values = null
      KEYS = 0
      VALUES = 1
      ENTRIES = 2
    iLdapEntities = class java.util.ArrayList@2a8e2f91
      serialVersionUID = 8683452581122892189
      DEFAULT_CAPACITY = 10
      EMPTY_ELEMENTDATA = class java.lang.Object[0]
      DEFAULTCAPACITY_EMPTY_ELEMENTDATA = class java.lang.Object[0]
      elementData = class java.lang.Object[3]
      size = 3
      MAX_ARRAY_SIZE = 2147483639
      modCount = 3
      MAX_ARRAY_SIZE = 2147483639
    iPersonAccountTypes = class java.util.ArrayList@63f31f8d
      serialVersionUID = 8683452581122892189
      DEFAULT_CAPACITY = 10
      EMPTY_ELEMENTDATA = class java.lang.Object[0]
      DEFAULTCAPACITY_EMPTY_ELEMENTDATA = class java.lang.Object[0]
      elementData = class java.lang.Object[3]
      size = 1
      MAX_ARRAY_SIZE = 2147483639
      modCount = 1
      MAX_ARRAY_SIZE = 2147483639
    iPersonTypes = class java.util.ArrayList@21201708
      serialVersionUID = 8683452581122892189
      DEFAULT_CAPACITY = 10
      EMPTY_ELEMENTDATA = class java.lang.Object[0]
      DEFAULTCAPACITY_EMPTY_ELEMENTDATA = class java.lang.Object[0]
      elementData = class java.lang.Object[3]
      size = 0
      MAX_ARRAY_SIZE = 2147483639
      modCount = 0
      MAX_ARRAY_SIZE = 2147483639
    iGroupTypes = class java.util.ArrayList@574a61b8
      serialVersionUID = 8683452581122892189
      DEFAULT_CAPACITY = 10
      EMPTY_ELEMENTDATA = class java.lang.Object[0]
      DEFAULTCAPACITY_EMPTY_ELEMENTDATA = class java.lang.Object[0]
      elementData = class java.lang.Object[3]
      size = 1
      MAX_ARRAY_SIZE = 2147483639
      modCount = 1
      MAX_ARRAY_SIZE = 2147483639
    iSpecialChars = {()\} /* array length = 3*/
    useEncodingInSearchExpression = null
    iGrpMbrFilter = "(&(|(objectClass=groupOfUniqueNames)(objectClass=groupofuniquenames))(uniquemember={0}))"
    iGroupSearchBases = class java.lang.String[1]
      iGroupSearchBases[0] = "o=ibm.com"
    iNodesForCompare = class java.lang.String[1]
      iNodesForCompare[0] = "o=ibm.com"
    iLdapNodes = class java.lang.String[1]
      iLdapNodes[0] = "o=ibm.com"
    iNeedSwitchNode = false
    iNeedTranslateRDN = true
    iDynaMbrAttrMap = class java.util.HashMap@52ed6a70
      serialVersionUID = 362498820763181265
      DEFAULT_INITIAL_CAPACITY = 16
      MAXIMUM_CAPACITY = 1073741824
      DEFAULT_LOAD_FACTOR = 0.75
      TREEIFY_THRESHOLD = 8
      UNTREEIFY_THRESHOLD = 6
      MIN_TREEIFY_CAPACITY = 64
      table = null
      entrySet = null
      size = 0
      modCount = 0
      threshold = 0
      loadFactor = 0.75
      keySet = null
      values = null
    iDynaMbrObjectClass = class java.util.ArrayList@47e8664c
      serialVersionUID = 8683452581122892189
      DEFAULT_CAPACITY = 10
      EMPTY_ELEMENTDATA = class java.lang.Object[0]
      DEFAULTCAPACITY_EMPTY_ELEMENTDATA = class java.lang.Object[0]
      elementData = class java.lang.Object[0]
      size = 0
      MAX_ARRAY_SIZE = 2147483639
      modCount = 0
      MAX_ARRAY_SIZE = 2147483639
    iMbrAttrsNestedScope = false
    iMbrAttrsAllScope = false
    iTopLdapNodes = class java.lang.String[1]
      iTopLdapNodes[0] = "o=ibm.com"
    iMbrAttrs = class java.lang.String[1]
      iMbrAttrs[0] = "uniquemember"
    iMbrAttrMap = class java.util.HashMap@113433f8
      serialVersionUID = 362498820763181265
      DEFAULT_INITIAL_CAPACITY = 16
      MAXIMUM_CAPACITY = 1073741824
      DEFAULT_LOAD_FACTOR = 0.75
      TREEIFY_THRESHOLD = 8
      UNTREEIFY_THRESHOLD = 6
      MIN_TREEIFY_CAPACITY = 64
      table = class java.util.HashMap$Node[4]
      entrySet = null
      size = 2
      modCount = 2
      threshold = 3
      loadFactor = 0.75
      keySet = null
      values = null
    includeGroupInSearchEntityTypes = false
    iDummyMbrMap = class java.util.HashMap@156afd94
      serialVersionUID = 362498820763181265
      DEFAULT_INITIAL_CAPACITY = 16
      MAXIMUM_CAPACITY = 1073741824
      DEFAULT_LOAD_FACTOR = 0.75
      TREEIFY_THRESHOLD = 8
      UNTREEIFY_THRESHOLD = 6
      MIN_TREEIFY_CAPACITY = 64
      table = class java.util.HashMap$Node[16]
      entrySet = null
      size = 1
      modCount = 1
      threshold = 12
      loadFactor = 0.75
      keySet = null
      values = null
    iLoginAttrs = class java.util.ArrayList@4fcd6420
      serialVersionUID = 8683452581122892189
      DEFAULT_CAPACITY = 10
      EMPTY_ELEMENTDATA = class java.lang.Object[0]
      DEFAULTCAPACITY_EMPTY_ELEMENTDATA = class java.lang.Object[0]
      elementData = class java.lang.Object[10]
      size = 1
      MAX_ARRAY_SIZE = 2147483639
      modCount = 3
      MAX_ARRAY_SIZE = 2147483639
    iLoginProps = class java.util.ArrayList@7c5e1fff
      serialVersionUID = 8683452581122892189
      DEFAULT_CAPACITY = 10
      EMPTY_ELEMENTDATA = class java.lang.Object[0]
      DEFAULTCAPACITY_EMPTY_ELEMENTDATA = class java.lang.Object[0]
      elementData = class java.lang.Object[10]
      size = 1
      MAX_ARRAY_SIZE = 2147483639
      modCount = 3
      MAX_ARRAY_SIZE = 2147483639
    iCertMapMode = "EXACT_DN"
    iCertFilterEles = null
    usePrincipalNameForLogin = false
    iAttrs = class java.util.HashSet@4cc5487f
      serialVersionUID = -5024744406713321676
      map = class java.util.HashMap@1e54946a
      PRESENT = class java.lang.Object@67785cc4
      MAX_ARRAY_SIZE = 2147483639
    iOperAttrs = class java.util.HashSet@e019a2e
      serialVersionUID = -5024744406713321676
      map = class java.util.HashMap@7edefb6d
      PRESENT = class java.lang.Object@67785cc4
      MAX_ARRAY_SIZE = 2147483639
    iDefaultValueAttrs = class java.util.HashSet@2a4913aa
      serialVersionUID = -5024744406713321676
      map = class java.util.HashMap@30bb39ea
      PRESENT = class java.lang.Object@67785cc4
      MAX_ARRAY_SIZE = 2147483639
    iDefaultAttrAttrs = class java.util.HashSet@266440fb
      serialVersionUID = -5024744406713321676
      map = class java.util.HashMap@3d6b5ff7
      PRESENT = class java.lang.Object@67785cc4
      MAX_ARRAY_SIZE = 2147483639
    iDataTypes = class java.util.ArrayList@408472f8
      serialVersionUID = 8683452581122892189
      DEFAULT_CAPACITY = 10
      EMPTY_ELEMENTDATA = class java.lang.Object[0]
      DEFAULTCAPACITY_EMPTY_ELEMENTDATA = class java.lang.Object[0]
      elementData = class java.lang.Object[15]
      size = 11
      MAX_ARRAY_SIZE = 2147483639
      modCount = 11
      MAX_ARRAY_SIZE = 2147483639
    entityTypeProps = class java.util.ArrayList@4256402c
      serialVersionUID = 8683452581122892189
      DEFAULT_CAPACITY = 10
      EMPTY_ELEMENTDATA = class java.lang.Object[0]
      DEFAULTCAPACITY_EMPTY_ELEMENTDATA = class java.lang.Object[0]
      elementData = class java.lang.Object[10]
      size = 3
      MAX_ARRAY_SIZE = 2147483639
      modCount = 3
      MAX_ARRAY_SIZE = 2147483639
    iExtIds = class java.util.HashSet@2060df8f
      serialVersionUID = -5024744406713321676
      map = class java.util.HashMap@1d801f3d
      PRESENT = class java.lang.Object@67785cc4
      MAX_ARRAY_SIZE = 2147483639
    iConAttrs = class java.util.HashSet@240730e0
      serialVersionUID = -5024744406713321676
      map = class java.util.HashMap@1e4fae4d
      PRESENT = class java.lang.Object@67785cc4
      MAX_ARRAY_SIZE = 2147483639
    isAnyExtIdDN = false
    iLdapNodesForCompare = class java.lang.String[1]
      iLdapNodesForCompare[0] = "o=ibm.com"
    iNodes = class java.lang.String[1]
      iNodes[0] = "o=ibm.com"
    iDynaGrpFilter = null
    iMbrAttrScope = {0} /* array length = 1*/
    iGroupSupportedProps = class java.lang.String[16]
      iGroupSupportedProps[0] = "cn"
      iGroupSupportedProps[1] = "members"
      iGroupSupportedProps[2] = "displayName"
      iGroupSupportedProps[3] = "description"
      iGroupSupportedProps[4] = "businessCategory"
      iGroupSupportedProps[5] = "seeAlso"
      iGroupSupportedProps[6] = "partyRoles"
      iGroupSupportedProps[7] = "identifier"
      iGroupSupportedProps[8] = "viewIdentifiers"
      iGroupSupportedProps[9] = "parent"
      iGroupSupportedProps[10] = "children"
      iGroupSupportedProps[11] = "groups"
      iGroupSupportedProps[12] = "createTimestamp"
      iGroupSupportedProps[13] = "modifyTimestamp"
      iGroupSupportedProps[14] = "entitlementInfo"
      iGroupSupportedProps[15] = "changeType"
    iPersonSupportedProps = class java.lang.String[74]
      iPersonSupportedProps[0] = "uid"
      iPersonSupportedProps[1] = "cn"
      iPersonSupportedProps[2] = "sn"
      iPersonSupportedProps[3] = "preferredLanguage"
      iPersonSupportedProps[4] = "displayName"
      iPersonSupportedProps[5] = "initials"
      iPersonSupportedProps[6] = "mail"
      iPersonSupportedProps[7] = "ibmPrimaryEmail"
      iPersonSupportedProps[8] = "jpegPhoto"
      iPersonSupportedProps[9] = "labeledURI"
      iPersonSupportedProps[10] = "carLicense"
      iPersonSupportedProps[11] = "telephoneNumber"
      iPersonSupportedProps[12] = "facsimileTelephoneNumber"
      iPersonSupportedProps[13] = "pager"
      iPersonSupportedProps[14] = "mobile"
      iPersonSupportedProps[15] = "homePostalAddress"
      iPersonSupportedProps[16] = "postalAddress"
      iPersonSupportedProps[17] = "roomNumber"
      iPersonSupportedProps[18] = "l"
      iPersonSupportedProps[19] = "localityName"
      iPersonSupportedProps[20] = "st"
      iPersonSupportedProps[21] = "stateOrProvinceName"
      iPersonSupportedProps[22] = "street"
      iPersonSupportedProps[23] = "postalCode"
      iPersonSupportedProps[24] = "city"
      iPersonSupportedProps[25] = "employeeType"
      iPersonSupportedProps[26] = "employeeNumber"
      iPersonSupportedProps[27] = "manager"
      iPersonSupportedProps[28] = "secretary"
      iPersonSupportedProps[29] = "departmentNumber"
      iPersonSupportedProps[30] = "title"
      iPersonSupportedProps[31] = "ibmJobTitle"
      iPersonSupportedProps[32] = "c"
      iPersonSupportedProps[33] = "countryName"
      iPersonSupportedProps[34] = "givenName"
      iPersonSupportedProps[35] = "description"
      iPersonSupportedProps[36] = "businessCategory"
      iPersonSupportedProps[37] = "seeAlso"
      iPersonSupportedProps[38] = "kerberosId"
      iPersonSupportedProps[39] = "photoURL"
      iPersonSupportedProps[40] = "photoURLThumbnail"
      iPersonSupportedProps[41] = "middleName"
      iPersonSupportedProps[42] = "honorificPrefix"
      iPersonSupportedProps[43] = "honorificSuffix"
      iPersonSupportedProps[44] = "nickName"
      iPersonSupportedProps[45] = "profileUrl"
      iPersonSupportedProps[46] = "timezone"
      iPersonSupportedProps[47] = "locale"
      iPersonSupportedProps[48] = "active"
      iPersonSupportedProps[49] = "homeStreet"
      iPersonSupportedProps[50] = "homeCity"
      iPersonSupportedProps[51] = "homeStateOrProvinceName"
      iPersonSupportedProps[52] = "homePostalCode"
      iPersonSupportedProps[53] = "homeCountryName"
      iPersonSupportedProps[54] = "businessStreet"
      iPersonSupportedProps[55] = "businessCity"
      iPersonSupportedProps[56] = "businessStateOrProvinceName"
      iPersonSupportedProps[57] = "businessPostalCode"
      iPersonSupportedProps[58] = "businessCountryName"
      iPersonSupportedProps[59] = "ims"
      iPersonSupportedProps[60] = "principalName"
      iPersonSupportedProps[61] = "password"
      iPersonSupportedProps[62] = "realm"
      iPersonSupportedProps[63] = "certificate"
      iPersonSupportedProps[64] = "partyRoles"
      iPersonSupportedProps[65] = "identifier"
      iPersonSupportedProps[66] = "viewIdentifiers"
      iPersonSupportedProps[67] = "parent"
      iPersonSupportedProps[68] = "children"
      iPersonSupportedProps[69] = "groups"
      iPersonSupportedProps[70] = "createTimestamp"
      iPersonSupportedProps[71] = "modifyTimestamp"
      iPersonSupportedProps[72] = "entitlementInfo"
      iPersonSupportedProps[73] = "changeType"
    iUserFilter = "(&(emailAddress=%v)(objectclass=person))"
    userFilter = null
    iGroupFilter = "(&(cn=%v)(objectclass=groupOfUniqueNames))"
    groupFilter = null
    iUserIdMap = "*:emailAddress"
    iGroupIdMap = "*:cn"
    iGroupMemberIdMap = "groupOfUniqueNames:uniquemember"
    iRecursiveSearch = false
    IBM_ALL_GROUPS = "ibm-allGroups"
    iLdapOperationalAttr = false
    isVMMRdnPropertiesDefined = false
    isRacf = false
    timestampFormat = null
    serialVersionUID = 3880853007294343166
  iAttrRangeStep = 0
  iEnableContextPool = true
  ATTR_RANGE_KEYWORD = ";range="
  ATTR_RANGE_QUERY = ";range={0}-{1}"
  ATTR_RANGE_LAST_QUERY = ";range={0}-*"
  iContexts = null
  iInitPoolSize = 1
  iLiveContexts = 0
  iMaxPoolSize = 1
  iPrefPoolSize = 1
  iPoolWaitTime = 3000
  iPoolTimeOut = 0
  iPoolCreateTimestamp = 0
  iPoolCreateTimestampMillisec = 0
  URLTYPE_SINGLE = 0
  URLTYPE_SEQUENCE = 1
  ENVKEY_ACTIVE_URL = "_ACTIVE_URL_"
  ENVKEY_URL_LIST = "_URL_LIST_"
  LDAP_DN = "distinguishedName"
  WAS_SSL_SOCKET_FACTORY = "com.ibm.ws.security.wim.adapter.ldap.SSLSocketFactory"
  LDAP_STATS_TIMER = class java.util.concurrent.atomic.AtomicLong@50563577
    serialVersionUID = 1927816293512124184
    unsafe = class sun.misc.Unsafe@4f31a061
      theUnsafe = class sun.misc.Unsafe@4f31a061
      INVALID_FIELD_OFFSET = -1
      ARRAY_BOOLEAN_BASE_OFFSET = 16
      ARRAY_BYTE_BASE_OFFSET = 16
      ARRAY_SHORT_BASE_OFFSET = 16
      ARRAY_CHAR_BASE_OFFSET = 16
      ARRAY_INT_BASE_OFFSET = 16
      ARRAY_LONG_BASE_OFFSET = 16
      ARRAY_FLOAT_BASE_OFFSET = 16
      ARRAY_DOUBLE_BASE_OFFSET = 16
      ARRAY_OBJECT_BASE_OFFSET = 16
      ARRAY_BOOLEAN_INDEX_SCALE = 1
      ARRAY_BYTE_INDEX_SCALE = 1
      ARRAY_SHORT_INDEX_SCALE = 2
      ARRAY_CHAR_INDEX_SCALE = 2
      ARRAY_INT_INDEX_SCALE = 4
      ARRAY_LONG_INDEX_SCALE = 8
      ARRAY_FLOAT_INDEX_SCALE = 4
      ARRAY_DOUBLE_INDEX_SCALE = 8
      ARRAY_OBJECT_INDEX_SCALE = 4
      ADDRESS_SIZE = 8
    valueOffset = 16
    VM_SUPPORTS_LONG_CAS = true
    value = 0
    serialVersionUID = -8742448824652078965
  QUICK_LDAP_BIND = class java.util.concurrent.atomic.AtomicInteger@4ec2b5f
    serialVersionUID = 6214790243416807050
    unsafe = class sun.misc.Unsafe@4f31a061
    valueOffset = 12
    value = 0
    serialVersionUID = -8742448824652078965
  LDAP_CONNECT_TIMEOUT_TRACE = 1000
  iEnvironment = class java.util.Hashtable@127b8ce8
    table = class java.util.Hashtable$Entry[11]
      table[0] = null
      table[1] = class java.util.Hashtable$Entry@379e05db
      table[2] = null
      table[3] = null
      table[4] = null
      table[5] = null
      table[6] = class java.util.Hashtable$Entry@575072f1
      table[7] = null
      table[8] = null
      table[9] = class java.util.Hashtable$Entry@36bdd9b8
      table[10] = class java.util.Hashtable$Entry@3ac7d168
    count = 7
    threshold = 8
    loadFactor = 0.75
    modCount = 7
    serialVersionUID = 1421746759512286392
    MAX_ARRAY_SIZE = 2147483639
    keySet = null
    entrySet = class java.util.Collections$SynchronizedSet@4b29131e
      serialVersionUID = 487447009682186044
      serialVersionUID = 3053995032091335093
      c = class java.util.Hashtable$EntrySet@3b01ad6
      mutex = class java.util.Hashtable@127b8ce8
    values = null
    KEYS = 0
    VALUES = 1
    ENTRIES = 2
  iReturnToPrimary = true
  iQueryInterval = 900
  iLastQueryTime = 1475477584
  iSSLAlias = null
  iConnCtls = null
  iPageSize = 0
  iNameParser = null
  iWriteToSecondary = false
  iSSLFactory = null
  iEnityAttrIds = null
  iAttrIds = null
  ignoreDNCase = true
  serialVersionUID = -8957611759628463598

Dump of objectArray[0]
Object type = org.apache.felix.scr.impl.helper.ReadOnlyDictionary
  m_delegate = class java.util.Hashtable@1127c303
    table = class java.util.Hashtable$Entry[47]
      table[0] = null
      table[1] = class java.util.Hashtable$Entry@367a0816
      table[2] = class java.util.Hashtable$Entry@65df63f6
      table[3] = null
      table[4] = null
      table[5] = null
      table[6] = null
      table[7] = null
      table[8] = class java.util.Hashtable$Entry@46818d68
      table[9] = class java.util.Hashtable$Entry@8daf7bc
      table[10] = null
      table[11] = class java.util.Hashtable$Entry@6e866409
      table[12] = class java.util.Hashtable$Entry@70586afc
      table[13] = class java.util.Hashtable$Entry@3af85352
      table[14] = class java.util.Hashtable$Entry@65c034a6
      table[15] = null
      table[16] = null
      table[17] = class java.util.Hashtable$Entry@38bba23b
      table[18] = class java.util.Hashtable$Entry@b87205a
      table[19] = null
      table[20] = class java.util.Hashtable$Entry@739d80bb
      table[21] = null
      table[22] = null
      table[23] = null
      table[24] = class java.util.Hashtable$Entry@171cef6a
      table[25] = null
      table[26] = null
      table[27] = class java.util.Hashtable$Entry@72532dc8
      table[28] = null
      table[29] = null
      table[30] = class java.util.Hashtable$Entry@40e45628
      table[31] = class java.util.Hashtable$Entry@5fe39ed7
      table[32] = class java.util.Hashtable$Entry@2ff45dfe
      table[33] = class java.util.Hashtable$Entry@442218a5
      table[34] = null
      table[35] = class java.util.Hashtable$Entry@2615531f
      table[36] = class java.util.Hashtable$Entry@65c3642c
      table[37] = class java.util.Hashtable$Entry@68d5cec7
      table[38] = class java.util.Hashtable$Entry@3c660448
      table[39] = class java.util.Hashtable$Entry@30673570
      table[40] = null
      table[41] = null
      table[42] = null
      table[43] = class java.util.Hashtable$Entry@4e7bd554
      table[44] = null
      table[45] = null
      table[46] = null
    count = 34
    threshold = 35
    loadFactor = 0.75
    modCount = 36
    serialVersionUID = 1421746759512286392
    MAX_ARRAY_SIZE = 2147483639
    keySet = null
    entrySet = class java.util.Collections$SynchronizedSet@1045f2a
      serialVersionUID = 487447009682186044
      serialVersionUID = 3053995032091335093
      c = class java.util.Hashtable$EntrySet@196affe3
      mutex = class java.util.Hashtable@1127c303
    values = null
    KEYS = 0
    VALUES = 1
    ENTRIES = 2
  m_serviceReference = null

